<?xml version="1.0" encoding="UTF-8"?>
<!-- Generated by org.testng.reporters.JUnitReportReporter -->
<testsuite skipped="0" hostname="LAPTOP-T2OF0V04" name="LearnSeleaniumWithMaven.Maven01.DemoJenkins" tests="1" failures="0" timestamp="22 Jan 2019 22:12:07 GMT" time="0.012" errors="0">
  <testcase name="test1" time="0.012" classname="LearnSeleaniumWithMaven.Maven01.DemoJenkins"/>
</testsuite> <!-- LearnSeleaniumWithMaven.Maven01.DemoJenkins -->
